<?xml version="1.0" encoding="UTF-8"?>
<!-- Generated by org.testng.reporters.JUnitXMLReporter -->
<testsuite ignored="1" hostname="DESKTOP-MUEUS88" failures="0" tests="2" name="car loans" time="0.077" errors="0" timestamp="2023-05-14T21:13:12 CEST">
  <testcase classname="TestPackage.CarBuyLoan" name="CarBuyLoanBranch" time="0.012"/>
  <testcase classname="TestPackage.CarBuyLoan" name="CarBuyLoanWEB" time="0.002"/>
  <testcase classname="TestPackage.CarBuyLoan" name="CarBuyLoanApp" time="0.0">
    <ignored/>
  </testcase> <!-- CarBuyLoanApp -->
</testsuite> <!-- car loans -->
