<?xml version="1.0" encoding="UTF-8"?>
<!-- Generated by org.testng.reporters.JUnitXMLReporter -->
<testsuite ignored="0" hostname="DESKTOP-MUEUS88" failures="0" tests="3" name="Test" time="0.128" errors="0" timestamp="2023-05-14T21:21:40 CEST">
  <testcase classname="TestPackage.FixedLoan" name="FixedLoanApp" time="0.015"/>
  <testcase classname="TestPackage.FixedLoan" name="FixedLoanBranch" time="0.005"/>
  <testcase classname="TestPackage.FixedLoan" name="FixedLoanWEB" time="0.004"/>
</testsuite> <!-- Test -->
