<?xml version="1.0" encoding="UTF-8"?>
<!-- Generated by org.testng.reporters.JUnitXMLReporter -->
<testsuite ignored="4" hostname="DESKTOP-MUEUS88" failures="0" tests="6" name="HomeLaon" time="0.194" errors="0" timestamp="2023-05-19T21:25:23 CEST">
  <testcase classname="TestPackage.MortageLoan" name="MortageLoanApp" time="0.016"/>
  <testcase classname="TestPackage.MortageLoan" name="MortageLoanBranch" time="0.003"/>
  <testcase classname="TestPackage.MortageLoan" name="MortageLoanWEB" time="0.004"/>
  <testcase classname="TestPackage.SmartLoan" name="SmartLoanBranch" time="0.004"/>
  <testcase classname="TestPackage.SmartLoan" name="SmartLoanWEB" time="0.007"/>
  <testcase classname="TestPackage.SmartLoan" name="SmartLoannApp" time="0.006"/>
  <testcase classname="TestPackage.Annotations" name="@AfterTest AfterTest" time="0.0">
    <ignored/>
  </testcase> <!-- @AfterTest AfterTest -->
  <testcase classname="TestPackage.Annotations" name="@BeforeSuite BeforeSuite" time="0.0">
    <ignored/>
  </testcase> <!-- @BeforeSuite BeforeSuite -->
  <testcase classname="TestPackage.Annotations" name="@BeforeTest BeforeTest" time="0.0">
    <ignored/>
  </testcase> <!-- @BeforeTest BeforeTest -->
  <testcase classname="TestPackage.Annotations" name="@AfterSuite AfterSuite" time="0.0">
    <ignored/>
  </testcase> <!-- @AfterSuite AfterSuite -->
</testsuite> <!-- HomeLaon -->
