<?xml version="1.0" encoding="UTF-8"?>
<!-- Generated by org.testng.reporters.JUnitXMLReporter -->
<testsuite ignored="0" hostname="DESKTOP-MUEUS88" failures="0" tests="6" name="PersonalLoan" time="0.034" errors="0" timestamp="2023-05-14T20:50:43 CEST">
  <testcase classname="TestPackage.FixedLoan" name="FixedLoanApp" time="0.002"/>
  <testcase classname="TestPackage.FixedLoan" name="FixedLoanBranch" time="0.004"/>
  <testcase classname="TestPackage.FixedLoan" name="FixedLoanWEB" time="0.002"/>
  <testcase classname="TestPackage.FlexiLoan" name="FlexiLoanApp" time="0.002"/>
  <testcase classname="TestPackage.FlexiLoan" name="FlexiLoanBranch" time="0.002"/>
  <testcase classname="TestPackage.FlexiLoan" name="FlexiLoanWEB" time="0.002"/>
</testsuite> <!-- PersonalLoan -->
