<?xml version="1.0" encoding="UTF-8"?>
<!-- Generated by org.testng.reporters.JUnitXMLReporter -->
<testsuite ignored="4" hostname="DESKTOP-MUEUS88" failures="0" tests="6" name="PersonalLoan" time="0.058" errors="0" timestamp="2023-05-19T21:25:23 CEST">
  <testcase classname="TestPackage.FixedLoan" name="FixedLoanApp" time="0.002"/>
  <testcase classname="TestPackage.FixedLoan" name="FixedLoanBranch" time="0.002"/>
  <testcase classname="TestPackage.FixedLoan" name="FixedLoanWEB" time="0.002"/>
  <testcase classname="TestPackage.FlexiLoan" name="FlexiLoanApp" time="0.004"/>
  <testcase classname="TestPackage.FlexiLoan" name="FlexiLoanBranch" time="0.002"/>
  <testcase classname="TestPackage.FlexiLoan" name="FlexiLoanWEB" time="0.001"/>
  <testcase classname="TestPackage.Annotations" name="@AfterTest AfterTest" time="0.0">
    <ignored/>
  </testcase> <!-- @AfterTest AfterTest -->
  <testcase classname="TestPackage.Annotations" name="@BeforeSuite BeforeSuite" time="0.0">
    <ignored/>
  </testcase> <!-- @BeforeSuite BeforeSuite -->
  <testcase classname="TestPackage.Annotations" name="@AfterSuite AfterSuite" time="0.0">
    <ignored/>
  </testcase> <!-- @AfterSuite AfterSuite -->
  <testcase classname="TestPackage.Annotations" name="@BeforeTest BeforeTest" time="0.0">
    <ignored/>
  </testcase> <!-- @BeforeTest BeforeTest -->
</testsuite> <!-- PersonalLoan -->
