<?xml version="1.0" encoding="UTF-8"?>
<testng-results ignored="8" total="20" passed="12" failed="0" skipped="0">
  <reporter-output>
  </reporter-output>
  <suite started-at="2023-05-19T21:25:23 CEST" name="Loans" finished-at="2023-05-19T21:25:23 CEST" duration-ms="458">
    <groups>
      <group name="Sanity">
        <method signature="MortageLoan.MortageLoanBranch()[pri:0, instance:TestPackage.MortageLoan@15aab8c6]" name="MortageLoanBranch" class="TestPackage.MortageLoan"/>
        <method signature="SmartLoan.SmartLoannApp()[pri:0, instance:TestPackage.SmartLoan@10feca44]" name="SmartLoannApp" class="TestPackage.SmartLoan"/>
        <method signature="FlexiLoan.FlexiLoanWEB()[pri:0, instance:TestPackage.FlexiLoan@66d3eec0]" name="FlexiLoanWEB" class="TestPackage.FlexiLoan"/>
      </group> <!-- Sanity -->
    </groups>
    <test started-at="2023-05-19T21:25:23 CEST" name="HomeLaon" finished-at="2023-05-19T21:25:23 CEST" duration-ms="194">
      <class name="TestPackage.SmartLoan">
        <test-method is-config="true" signature="BeforeClass()[pri:0, instance:TestPackage.SmartLoan@10feca44]" started-at="2023-05-19T21:25:23 CEST" name="BeforeClass" finished-at="2023-05-19T21:25:23 CEST" duration-ms="0" status="PASS">
          <reporter-output>
          </reporter-output>
        </test-method> <!-- BeforeClass -->
        <test-method is-config="true" signature="BeforeMethod()[pri:0, instance:TestPackage.SmartLoan@10feca44]" started-at="2023-05-19T21:25:23 CEST" name="BeforeMethod" finished-at="2023-05-19T21:25:23 CEST" duration-ms="2" status="PASS">
          <reporter-output>
          </reporter-output>
        </test-method> <!-- BeforeMethod -->
        <test-method signature="SmartLoanBranch()[pri:0, instance:TestPackage.SmartLoan@10feca44]" started-at="2023-05-19T21:25:23 CEST" name="SmartLoanBranch" finished-at="2023-05-19T21:25:23 CEST" duration-ms="4" status="PASS">
          <reporter-output>
          </reporter-output>
        </test-method> <!-- SmartLoanBranch -->
        <test-method is-config="true" signature="AfterMethod()[pri:0, instance:TestPackage.SmartLoan@10feca44]" started-at="2023-05-19T21:25:23 CEST" name="AfterMethod" finished-at="2023-05-19T21:25:23 CEST" duration-ms="0" status="PASS">
          <reporter-output>
          </reporter-output>
        </test-method> <!-- AfterMethod -->
        <test-method is-config="true" signature="BeforeMethod()[pri:0, instance:TestPackage.SmartLoan@10feca44]" started-at="2023-05-19T21:25:23 CEST" name="BeforeMethod" finished-at="2023-05-19T21:25:23 CEST" duration-ms="1" status="PASS">
          <reporter-output>
          </reporter-output>
        </test-method> <!-- BeforeMethod -->
        <test-method signature="SmartLoanWEB()[pri:0, instance:TestPackage.SmartLoan@10feca44]" started-at="2023-05-19T21:25:23 CEST" name="SmartLoanWEB" finished-at="2023-05-19T21:25:23 CEST" duration-ms="7" status="PASS">
          <reporter-output>
          </reporter-output>
        </test-method> <!-- SmartLoanWEB -->
        <test-method is-config="true" signature="AfterMethod()[pri:0, instance:TestPackage.SmartLoan@10feca44]" started-at="2023-05-19T21:25:23 CEST" name="AfterMethod" finished-at="2023-05-19T21:25:23 CEST" duration-ms="1" status="PASS">
          <reporter-output>
          </reporter-output>
        </test-method> <!-- AfterMethod -->
        <test-method is-config="true" signature="BeforeMethod()[pri:0, instance:TestPackage.SmartLoan@10feca44]" started-at="2023-05-19T21:25:23 CEST" name="BeforeMethod" finished-at="2023-05-19T21:25:23 CEST" duration-ms="3" status="PASS">
          <reporter-output>
          </reporter-output>
        </test-method> <!-- BeforeMethod -->
        <test-method signature="SmartLoannApp()[pri:0, instance:TestPackage.SmartLoan@10feca44]" started-at="2023-05-19T21:25:23 CEST" name="SmartLoannApp" finished-at="2023-05-19T21:25:23 CEST" duration-ms="6" status="PASS">
          <reporter-output>
          </reporter-output>
        </test-method> <!-- SmartLoannApp -->
        <test-method is-config="true" signature="AfterMethod()[pri:0, instance:TestPackage.SmartLoan@10feca44]" started-at="2023-05-19T21:25:23 CEST" name="AfterMethod" finished-at="2023-05-19T21:25:23 CEST" duration-ms="5" status="PASS">
          <reporter-output>
          </reporter-output>
        </test-method> <!-- AfterMethod -->
        <test-method is-config="true" signature="AfterClass()[pri:0, instance:TestPackage.SmartLoan@10feca44]" started-at="2023-05-19T21:25:23 CEST" name="AfterClass" finished-at="2023-05-19T21:25:23 CEST" duration-ms="0" status="PASS">
          <reporter-output>
          </reporter-output>
        </test-method> <!-- AfterClass -->
      </class> <!-- TestPackage.SmartLoan -->
      <class name="TestPackage.MortageLoan">
        <test-method is-config="true" signature="BeforeTest()[pri:0, instance:TestPackage.MortageLoan@15aab8c6]" started-at="2023-05-19T21:25:23 CEST" name="BeforeTest" finished-at="2023-05-19T21:25:23 CEST" duration-ms="2" status="PASS">
          <reporter-output>
          </reporter-output>
        </test-method> <!-- BeforeTest -->
        <test-method is-config="true" signature="BeforeClass()[pri:0, instance:TestPackage.MortageLoan@15aab8c6]" started-at="2023-05-19T21:25:23 CEST" name="BeforeClass" finished-at="2023-05-19T21:25:23 CEST" duration-ms="0" status="PASS">
          <reporter-output>
          </reporter-output>
        </test-method> <!-- BeforeClass -->
        <test-method is-config="true" signature="BeforeMethod()[pri:0, instance:TestPackage.MortageLoan@15aab8c6]" started-at="2023-05-19T21:25:23 CEST" name="BeforeMethod" finished-at="2023-05-19T21:25:23 CEST" duration-ms="0" status="PASS">
          <reporter-output>
          </reporter-output>
        </test-method> <!-- BeforeMethod -->
        <test-method signature="MortageLoanApp()[pri:0, instance:TestPackage.MortageLoan@15aab8c6]" started-at="2023-05-19T21:25:23 CEST" name="MortageLoanApp" finished-at="2023-05-19T21:25:23 CEST" duration-ms="16" status="PASS">
          <reporter-output>
          </reporter-output>
        </test-method> <!-- MortageLoanApp -->
        <test-method is-config="true" signature="AfterMethod()[pri:0, instance:TestPackage.MortageLoan@15aab8c6]" started-at="2023-05-19T21:25:23 CEST" name="AfterMethod" finished-at="2023-05-19T21:25:23 CEST" duration-ms="1" status="PASS">
          <reporter-output>
          </reporter-output>
        </test-method> <!-- AfterMethod -->
        <test-method is-config="true" signature="BeforeMethod()[pri:0, instance:TestPackage.MortageLoan@15aab8c6]" started-at="2023-05-19T21:25:23 CEST" name="BeforeMethod" finished-at="2023-05-19T21:25:23 CEST" duration-ms="1" status="PASS">
          <reporter-output>
          </reporter-output>
        </test-method> <!-- BeforeMethod -->
        <test-method signature="MortageLoanBranch()[pri:0, instance:TestPackage.MortageLoan@15aab8c6]" started-at="2023-05-19T21:25:23 CEST" name="MortageLoanBranch" finished-at="2023-05-19T21:25:23 CEST" duration-ms="3" status="PASS">
          <reporter-output>
          </reporter-output>
        </test-method> <!-- MortageLoanBranch -->
        <test-method is-config="true" signature="AfterMethod()[pri:0, instance:TestPackage.MortageLoan@15aab8c6]" started-at="2023-05-19T21:25:23 CEST" name="AfterMethod" finished-at="2023-05-19T21:25:23 CEST" duration-ms="1" status="PASS">
          <reporter-output>
          </reporter-output>
        </test-method> <!-- AfterMethod -->
        <test-method is-config="true" signature="BeforeMethod()[pri:0, instance:TestPackage.MortageLoan@15aab8c6]" started-at="2023-05-19T21:25:23 CEST" name="BeforeMethod" finished-at="2023-05-19T21:25:23 CEST" duration-ms="1" status="PASS">
          <reporter-output>
          </reporter-output>
        </test-method> <!-- BeforeMethod -->
        <test-method signature="MortageLoanWEB()[pri:0, instance:TestPackage.MortageLoan@15aab8c6]" started-at="2023-05-19T21:25:23 CEST" name="MortageLoanWEB" finished-at="2023-05-19T21:25:23 CEST" duration-ms="4" status="PASS">
          <reporter-output>
          </reporter-output>
        </test-method> <!-- MortageLoanWEB -->
        <test-method is-config="true" signature="AfterMethod()[pri:0, instance:TestPackage.MortageLoan@15aab8c6]" started-at="2023-05-19T21:25:23 CEST" name="AfterMethod" finished-at="2023-05-19T21:25:23 CEST" duration-ms="1" status="PASS">
          <reporter-output>
          </reporter-output>
        </test-method> <!-- AfterMethod -->
        <test-method is-config="true" signature="AfterClass()[pri:0, instance:TestPackage.MortageLoan@15aab8c6]" started-at="2023-05-19T21:25:23 CEST" name="AfterClass" finished-at="2023-05-19T21:25:23 CEST" duration-ms="1" status="PASS">
          <reporter-output>
          </reporter-output>
        </test-method> <!-- AfterClass -->
        <test-method is-config="true" signature="AfterTest()[pri:0, instance:TestPackage.MortageLoan@15aab8c6]" started-at="2023-05-19T21:25:23 CEST" name="AfterTest" finished-at="2023-05-19T21:25:23 CEST" duration-ms="3" status="PASS">
          <reporter-output>
          </reporter-output>
        </test-method> <!-- AfterTest -->
      </class> <!-- TestPackage.MortageLoan -->
    </test> <!-- HomeLaon -->
    <test started-at="2023-05-19T21:25:23 CEST" name="PersonalLoan" finished-at="2023-05-19T21:25:23 CEST" duration-ms="58">
      <class name="TestPackage.FixedLoan">
        <test-method is-config="true" signature="BeforeSuite()[pri:0, instance:TestPackage.FixedLoan@4738a206]" started-at="2023-05-19T21:25:23 CEST" name="BeforeSuite" finished-at="2023-05-19T21:25:23 CEST" duration-ms="13" status="PASS">
          <reporter-output>
          </reporter-output>
        </test-method> <!-- BeforeSuite -->
        <test-method is-config="true" signature="BeforeTest()[pri:0, instance:TestPackage.FixedLoan@4738a206]" started-at="2023-05-19T21:25:23 CEST" name="BeforeTest" finished-at="2023-05-19T21:25:23 CEST" duration-ms="1" status="PASS">
          <reporter-output>
          </reporter-output>
        </test-method> <!-- BeforeTest -->
        <test-method is-config="true" signature="BeforeClass()[pri:0, instance:TestPackage.FixedLoan@4738a206]" started-at="2023-05-19T21:25:23 CEST" name="BeforeClass" finished-at="2023-05-19T21:25:23 CEST" duration-ms="0" status="PASS">
          <reporter-output>
          </reporter-output>
        </test-method> <!-- BeforeClass -->
        <test-method signature="FixedLoanApp()[pri:0, instance:TestPackage.FixedLoan@4738a206]" started-at="2023-05-19T21:25:23 CEST" name="FixedLoanApp" finished-at="2023-05-19T21:25:23 CEST" duration-ms="2" status="PASS">
          <reporter-output>
          </reporter-output>
        </test-method> <!-- FixedLoanApp -->
        <test-method is-config="true" signature="BeforeMethod()[pri:0, instance:TestPackage.FixedLoan@4738a206]" started-at="2023-05-19T21:25:23 CEST" name="BeforeMethod" finished-at="2023-05-19T21:25:23 CEST" duration-ms="0" status="PASS">
          <reporter-output>
          </reporter-output>
        </test-method> <!-- BeforeMethod -->
        <test-method is-config="true" signature="AfterMethod()[pri:0, instance:TestPackage.FixedLoan@4738a206]" started-at="2023-05-19T21:25:23 CEST" name="AfterMethod" finished-at="2023-05-19T21:25:23 CEST" duration-ms="4" status="PASS">
          <reporter-output>
          </reporter-output>
        </test-method> <!-- AfterMethod -->
        <test-method is-config="true" signature="BeforeMethod()[pri:0, instance:TestPackage.FixedLoan@4738a206]" started-at="2023-05-19T21:25:23 CEST" name="BeforeMethod" finished-at="2023-05-19T21:25:23 CEST" duration-ms="0" status="PASS">
          <reporter-output>
          </reporter-output>
        </test-method> <!-- BeforeMethod -->
        <test-method signature="FixedLoanBranch()[pri:0, instance:TestPackage.FixedLoan@4738a206]" started-at="2023-05-19T21:25:23 CEST" name="FixedLoanBranch" finished-at="2023-05-19T21:25:23 CEST" duration-ms="2" status="PASS">
          <reporter-output>
          </reporter-output>
        </test-method> <!-- FixedLoanBranch -->
        <test-method is-config="true" signature="AfterMethod()[pri:0, instance:TestPackage.FixedLoan@4738a206]" started-at="2023-05-19T21:25:23 CEST" name="AfterMethod" finished-at="2023-05-19T21:25:23 CEST" duration-ms="4" status="PASS">
          <reporter-output>
          </reporter-output>
        </test-method> <!-- AfterMethod -->
        <test-method signature="FixedLoanWEB()[pri:0, instance:TestPackage.FixedLoan@4738a206]" started-at="2023-05-19T21:25:23 CEST" name="FixedLoanWEB" finished-at="2023-05-19T21:25:23 CEST" depends-on-methods="TestPackage.FixedLoan.FixedLoanApp" duration-ms="2" status="PASS">
          <reporter-output>
          </reporter-output>
        </test-method> <!-- FixedLoanWEB -->
        <test-method is-config="true" signature="BeforeMethod()[pri:0, instance:TestPackage.FixedLoan@4738a206]" started-at="2023-05-19T21:25:23 CEST" name="BeforeMethod" finished-at="2023-05-19T21:25:23 CEST" duration-ms="0" status="PASS">
          <reporter-output>
          </reporter-output>
        </test-method> <!-- BeforeMethod -->
        <test-method is-config="true" signature="AfterMethod()[pri:0, instance:TestPackage.FixedLoan@4738a206]" started-at="2023-05-19T21:25:23 CEST" name="AfterMethod" finished-at="2023-05-19T21:25:23 CEST" duration-ms="1" status="PASS">
          <reporter-output>
          </reporter-output>
        </test-method> <!-- AfterMethod -->
        <test-method is-config="true" signature="AfterClass()[pri:0, instance:TestPackage.FixedLoan@4738a206]" started-at="2023-05-19T21:25:23 CEST" name="AfterClass" finished-at="2023-05-19T21:25:23 CEST" duration-ms="1" status="PASS">
          <reporter-output>
          </reporter-output>
        </test-method> <!-- AfterClass -->
        <test-method is-config="true" signature="AfterTest()[pri:0, instance:TestPackage.FixedLoan@4738a206]" started-at="2023-05-19T21:25:23 CEST" name="AfterTest" finished-at="2023-05-19T21:25:23 CEST" duration-ms="1" status="PASS">
          <reporter-output>
          </reporter-output>
        </test-method> <!-- AfterTest -->
        <test-method is-config="true" signature="AfterSuite()[pri:0, instance:TestPackage.FixedLoan@4738a206]" started-at="2023-05-19T21:25:23 CEST" name="AfterSuite" finished-at="2023-05-19T21:25:23 CEST" duration-ms="0" status="PASS">
          <reporter-output>
          </reporter-output>
        </test-method> <!-- AfterSuite -->
      </class> <!-- TestPackage.FixedLoan -->
      <class name="TestPackage.FlexiLoan">
        <test-method is-config="true" signature="BeforeClass()[pri:0, instance:TestPackage.FlexiLoan@66d3eec0]" started-at="2023-05-19T21:25:23 CEST" name="BeforeClass" finished-at="2023-05-19T21:25:23 CEST" duration-ms="0" status="PASS">
          <reporter-output>
          </reporter-output>
        </test-method> <!-- BeforeClass -->
        <test-method is-config="true" signature="BeforeMethod()[pri:0, instance:TestPackage.FlexiLoan@66d3eec0]" started-at="2023-05-19T21:25:23 CEST" name="BeforeMethod" finished-at="2023-05-19T21:25:23 CEST" duration-ms="0" status="PASS">
          <reporter-output>
          </reporter-output>
        </test-method> <!-- BeforeMethod -->
        <test-method signature="FlexiLoanApp()[pri:0, instance:TestPackage.FlexiLoan@66d3eec0]" started-at="2023-05-19T21:25:23 CEST" name="FlexiLoanApp" finished-at="2023-05-19T21:25:23 CEST" duration-ms="4" status="PASS">
          <reporter-output>
          </reporter-output>
        </test-method> <!-- FlexiLoanApp -->
        <test-method is-config="true" signature="AfterMethod()[pri:0, instance:TestPackage.FlexiLoan@66d3eec0]" started-at="2023-05-19T21:25:23 CEST" name="AfterMethod" finished-at="2023-05-19T21:25:23 CEST" duration-ms="3" status="PASS">
          <reporter-output>
          </reporter-output>
        </test-method> <!-- AfterMethod -->
        <test-method is-config="true" signature="BeforeMethod()[pri:0, instance:TestPackage.FlexiLoan@66d3eec0]" started-at="2023-05-19T21:25:23 CEST" name="BeforeMethod" finished-at="2023-05-19T21:25:23 CEST" duration-ms="0" status="PASS">
          <reporter-output>
          </reporter-output>
        </test-method> <!-- BeforeMethod -->
        <test-method signature="FlexiLoanBranch()[pri:0, instance:TestPackage.FlexiLoan@66d3eec0]" started-at="2023-05-19T21:25:23 CEST" name="FlexiLoanBranch" finished-at="2023-05-19T21:25:23 CEST" duration-ms="2" status="PASS">
          <reporter-output>
          </reporter-output>
        </test-method> <!-- FlexiLoanBranch -->
        <test-method is-config="true" signature="AfterMethod()[pri:0, instance:TestPackage.FlexiLoan@66d3eec0]" started-at="2023-05-19T21:25:23 CEST" name="AfterMethod" finished-at="2023-05-19T21:25:23 CEST" duration-ms="1" status="PASS">
          <reporter-output>
          </reporter-output>
        </test-method> <!-- AfterMethod -->
        <test-method is-config="true" signature="BeforeMethod()[pri:0, instance:TestPackage.FlexiLoan@66d3eec0]" started-at="2023-05-19T21:25:23 CEST" name="BeforeMethod" finished-at="2023-05-19T21:25:23 CEST" duration-ms="1" status="PASS">
          <reporter-output>
          </reporter-output>
        </test-method> <!-- BeforeMethod -->
        <test-method signature="FlexiLoanWEB()[pri:0, instance:TestPackage.FlexiLoan@66d3eec0]" started-at="2023-05-19T21:25:23 CEST" name="FlexiLoanWEB" finished-at="2023-05-19T21:25:23 CEST" duration-ms="1" status="PASS">
          <reporter-output>
          </reporter-output>
        </test-method> <!-- FlexiLoanWEB -->
        <test-method is-config="true" signature="AfterMethod()[pri:0, instance:TestPackage.FlexiLoan@66d3eec0]" started-at="2023-05-19T21:25:23 CEST" name="AfterMethod" finished-at="2023-05-19T21:25:23 CEST" duration-ms="1" status="PASS">
          <reporter-output>
          </reporter-output>
        </test-method> <!-- AfterMethod -->
        <test-method is-config="true" signature="AfterClass()[pri:0, instance:TestPackage.FlexiLoan@66d3eec0]" started-at="2023-05-19T21:25:23 CEST" name="AfterClass" finished-at="2023-05-19T21:25:23 CEST" duration-ms="0" status="PASS">
          <reporter-output>
          </reporter-output>
        </test-method> <!-- AfterClass -->
      </class> <!-- TestPackage.FlexiLoan -->
    </test> <!-- PersonalLoan -->
  </suite> <!-- Loans -->
</testng-results>
