<?xml version="1.0" encoding="UTF-8"?>
<testng-results ignored="0" total="3" passed="3" failed="0" skipped="0">
  <reporter-output>
  </reporter-output>
  <suite started-at="2023-05-14T21:25:12 CEST" name="Default suite" finished-at="2023-05-14T21:25:12 CEST" duration-ms="79">
    <groups>
    </groups>
    <test started-at="2023-05-14T21:25:12 CEST" name="Default test" finished-at="2023-05-14T21:25:12 CEST" duration-ms="79">
      <class name="TestPackage.FixedLoan">
        <test-method signature="FixedLoanApp()[pri:0, instance:TestPackage.FixedLoan@61386958]" started-at="2023-05-14T21:25:12 CEST" name="FixedLoanApp" finished-at="2023-05-14T21:25:12 CEST" duration-ms="14" status="PASS">
          <reporter-output>
          </reporter-output>
        </test-method> <!-- FixedLoanApp -->
        <test-method signature="FixedLoanBranch()[pri:0, instance:TestPackage.FixedLoan@61386958]" started-at="2023-05-14T21:25:12 CEST" name="FixedLoanBranch" finished-at="2023-05-14T21:25:12 CEST" duration-ms="3" status="PASS">
          <reporter-output>
          </reporter-output>
        </test-method> <!-- FixedLoanBranch -->
        <test-method signature="FixedLoanWEB()[pri:0, instance:TestPackage.FixedLoan@61386958]" started-at="2023-05-14T21:25:12 CEST" name="FixedLoanWEB" finished-at="2023-05-14T21:25:12 CEST" depends-on-methods="TestPackage.FixedLoan.FixedLoanApp" duration-ms="2" status="PASS">
          <reporter-output>
          </reporter-output>
        </test-method> <!-- FixedLoanWEB -->
      </class> <!-- TestPackage.FixedLoan -->
    </test> <!-- Default test -->
  </suite> <!-- Default suite -->
</testng-results>
