<?xml version="1.0" encoding="UTF-8"?>
<!-- Generated by org.testng.reporters.JUnitXMLReporter -->
<testsuite ignored="0" hostname="DESKTOP-MUEUS88" failures="0" tests="3" name="Default test" time="0.154" errors="0" timestamp="2023-05-19T21:20:57 CEST">
  <testcase classname="TestPackage.CarBuyLoan" name="CarBuyLoanApp" time="0.012"/>
  <testcase classname="TestPackage.CarBuyLoan" name="CarBuyLoanBranch" time="0.005"/>
  <testcase classname="TestPackage.CarBuyLoan" name="CarBuyLoanWEB" time="0.007"/>
</testsuite> <!-- Default test -->
