<?xml version="1.0" encoding="UTF-8"?>
<!-- Generated by org.testng.reporters.JUnitXMLReporter -->
<testsuite ignored="0" hostname="DESKTOP-MUEUS88" failures="0" tests="3" name="Default test" time="0.079" errors="0" timestamp="2023-05-14T21:25:12 CEST">
  <testcase classname="TestPackage.FixedLoan" name="FixedLoanApp" time="0.014"/>
  <testcase classname="TestPackage.FixedLoan" name="FixedLoanBranch" time="0.003"/>
  <testcase classname="TestPackage.FixedLoan" name="FixedLoanWEB" time="0.002"/>
</testsuite> <!-- Default test -->
